Arguments: 
  /usr/local/Cellar/node/10.5.0/bin/node /usr/local/Cellar/yarn/1.7.0/libexec/bin/yarn.js add --dev esling-config-prettier

PATH: 
  /usr/local/opt/mongodb@3.2/bin:/usr/local/opt/openssl/bin:/usr/local/opt/postgresql@9.4/bin:/usr/local/bin:/usr/bin:/bin:/usr/sbin:/sbin:/Users/arpit.s/.rvm/bin

Yarn version: 
  1.7.0

Node version: 
  10.5.0

Platform: 
  darwin x64

Trace: 
  Error: https://registry.yarnpkg.com/esling-config-prettier: Not found
      at Request.params.callback [as _callback] (/usr/local/Cellar/yarn/1.7.0/libexec/lib/cli.js:65656:18)
      at Request.self.callback (/usr/local/Cellar/yarn/1.7.0/libexec/lib/cli.js:134675:22)
      at Request.emit (events.js:182:13)
      at Request.<anonymous> (/usr/local/Cellar/yarn/1.7.0/libexec/lib/cli.js:135658:10)
      at Request.emit (events.js:182:13)
      at IncomingMessage.<anonymous> (/usr/local/Cellar/yarn/1.7.0/libexec/lib/cli.js:135578:12)
      at Object.onceWrapper (events.js:273:13)
      at IncomingMessage.emit (events.js:187:15)
      at endReadableNT (_stream_readable.js:1081:12)
      at process._tickCallback (internal/process/next_tick.js:63:19)

npm manifest: 
  {
    "name": "google-npm-stats",
    "private": true,
    "engines": {
      "node": ">=0.8.0"
    },
    "devDependencies": {
      "babel-core": "^6.7.2",
      "babel-preset-es2015": "^6.6.0",
      "del": "^2.2.0",
      "gulp": "^3.9.1",
      "gulp-babel": "^6.1.2",
      "gulp-cache": "^0.4.3",
      "gulp-chrome-manifest": "0.0.13",
      "gulp-clean-css": "^2.0.3",
      "gulp-eslint": "^2.0.0",
      "gulp-if": "^2.0.0",
      "gulp-imagemin": "^2.4.0",
      "gulp-livereload": "^3.8.1",
      "gulp-load-plugins": "^1.2.0",
      "gulp-htmlmin": "^2.0.0",
      "gulp-size": "^2.1.0",
      "gulp-sourcemaps": "^1.6.0",
      "gulp-uglify": "^1.5.3",
      "gulp-useref": "^3.0.8",
      "gulp-zip": "^3.2.0",
      "main-bower-files": "^2.11.1",
      "run-sequence": "^1.1.5",
      "wiredep": "^4.0.0"
    },
    "eslintConfig": {
      "env": {
        "node": true,
        "browser": true
      },
      "globals": {
        "chrome": true
      },
      "rules": {
        "eol-last": 0,
        "quotes": [
          2,
          "single"
        ]
      }
    }
  }

yarn manifest: 
  No manifest

Lockfile: 
  No lockfile
